2018-11-07 14:17:10.804  INFO 29088 --- [main] com.star.es.EsApplication                : Starting EsApplication on DESKTOP-2H2VV7N with PID 29088 (D:\IM\es\target\classes started by Gobi in D:\IM\es)
2018-11-07 14:17:10.807 DEBUG 29088 --- [main] com.star.es.EsApplication                : Running with Spring Boot v2.0.4.RELEASE, Spring v5.0.8.RELEASE
2018-11-07 14:17:10.808  INFO 29088 --- [main] com.star.es.EsApplication                : No active profile set, falling back to default profiles: default
2018-11-07 14:17:10.847  INFO 29088 --- [main] ConfigServletWebServerApplicationContext : Refreshing org.springframework.boot.web.servlet.context.AnnotationConfigServletWebServerApplicationContext@3427b02d: startup date [Wed Nov 07 14:17:10 CST 2018]; root of context hierarchy
2018-11-07 14:17:12.409  INFO 29088 --- [main] o.s.b.w.embedded.tomcat.TomcatWebServer  : Tomcat initialized with port(s): 8080 (http)
2018-11-07 14:17:12.446  INFO 29088 --- [main] o.apache.catalina.core.StandardService   : Starting service [Tomcat]
2018-11-07 14:17:12.447  INFO 29088 --- [main] org.apache.catalina.core.StandardEngine  : Starting Servlet Engine: Apache Tomcat/8.5.32
2018-11-07 14:17:12.463  INFO 29088 --- [localhost-startStop-1] o.a.catalina.core.AprLifecycleListener   : Loaded APR based Apache Tomcat Native library [1.2.17] using APR version [1.6.3].
2018-11-07 14:17:12.463  INFO 29088 --- [localhost-startStop-1] o.a.catalina.core.AprLifecycleListener   : APR capabilities: IPv6 [true], sendfile [true], accept filters [false], random [true].
2018-11-07 14:17:12.466  INFO 29088 --- [localhost-startStop-1] o.a.catalina.core.AprLifecycleListener   : APR/OpenSSL configuration: useAprConnector [false], useOpenSSL [true]
2018-11-07 14:17:13.538  INFO 29088 --- [localhost-startStop-1] o.a.catalina.core.AprLifecycleListener   : OpenSSL successfully initialized [OpenSSL 1.0.2o  27 Mar 2018]
2018-11-07 14:17:13.632  INFO 29088 --- [localhost-startStop-1] o.a.c.c.C.[Tomcat].[localhost].[/]       : Initializing Spring embedded WebApplicationContext
2018-11-07 14:17:13.632  INFO 29088 --- [localhost-startStop-1] o.s.web.context.ContextLoader            : Root WebApplicationContext: initialization completed in 2785 ms
2018-11-07 14:17:13.695  INFO 29088 --- [localhost-startStop-1] o.s.b.w.servlet.ServletRegistrationBean  : Servlet dispatcherServlet mapped to [/]
2018-11-07 14:17:13.698  INFO 29088 --- [localhost-startStop-1] o.s.b.w.servlet.FilterRegistrationBean   : Mapping filter: 'characterEncodingFilter' to: [/*]
2018-11-07 14:17:13.698  INFO 29088 --- [localhost-startStop-1] o.s.b.w.servlet.FilterRegistrationBean   : Mapping filter: 'hiddenHttpMethodFilter' to: [/*]
2018-11-07 14:17:13.698  INFO 29088 --- [localhost-startStop-1] o.s.b.w.servlet.FilterRegistrationBean   : Mapping filter: 'httpPutFormContentFilter' to: [/*]
2018-11-07 14:17:13.698  INFO 29088 --- [localhost-startStop-1] o.s.b.w.servlet.FilterRegistrationBean   : Mapping filter: 'requestContextFilter' to: [/*]
2018-11-07 14:17:13.823  INFO 29088 --- [main] c.s.es.service.tool.ESTransportClient    : Build TransportClient is start.
2018-11-07 14:17:13.823  INFO 29088 --- [main] c.s.es.service.tool.ESTransportClient    : EsConfig info =ESConfigBean{clusterNodes='192.168.2.58:9300,192.168.2.58:9301', clusterName='es-gtgj', clientTransportSniff=true, clientIgnoreClusterName=true, clientPingTimeout='60s', clientNodesSamplerInterval='10s'}
2018-11-07 14:17:13.994  INFO 29088 --- [main] o.elasticsearch.plugins.PluginsService   : no modules loaded
2018-11-07 14:17:13.995  INFO 29088 --- [main] o.elasticsearch.plugins.PluginsService   : loaded plugin [org.elasticsearch.index.reindex.ReindexPlugin]
2018-11-07 14:17:13.995  INFO 29088 --- [main] o.elasticsearch.plugins.PluginsService   : loaded plugin [org.elasticsearch.join.ParentJoinPlugin]
2018-11-07 14:17:13.995  INFO 29088 --- [main] o.elasticsearch.plugins.PluginsService   : loaded plugin [org.elasticsearch.percolator.PercolatorPlugin]
2018-11-07 14:17:13.995  INFO 29088 --- [main] o.elasticsearch.plugins.PluginsService   : loaded plugin [org.elasticsearch.script.mustache.MustachePlugin]
2018-11-07 14:17:13.995  INFO 29088 --- [main] o.elasticsearch.plugins.PluginsService   : loaded plugin [org.elasticsearch.transport.Netty4Plugin]
2018-11-07 14:17:14.967  INFO 29088 --- [main] c.s.es.service.tool.ESTransportClient    : adding transport node : 192.168.2.58:9300
2018-11-07 14:17:15.301  INFO 29088 --- [main] c.s.es.service.tool.ESTransportClient    : adding transport node : 192.168.2.58:9301
2018-11-07 14:17:15.518  INFO 29088 --- [main] c.s.es.service.tool.ESTransportClient    : 集群内DiscoveryNode info ={"address":{"address":"192.168.2.58","fragment":true,"port":9301},"attributes":{"ml.machine_memory":"17037361152","ml.max_open_jobs":"20","xpack.installed":"true","ml.enabled":"true"},"dataNode":true,"ephemeralId":"fYX91aEAS1CgTmWos3S7Fg","fragment":true,"hostAddress":"192.168.2.58","hostName":"192.168.2.58","id":"y1rx6l4VSkC1Ylq-7xQB0w","ingestNode":true,"masterNode":true,"name":"node-star-2","roles":["MASTER","DATA","INGEST"],"version":{"alpha":false,"beta":false,"build":99,"fragment":true,"id":6040099,"luceneVersion":{"bugfix":0,"major":7,"minor":4,"prerelease":0},"major":6,"minor":4,"rC":false,"release":true,"revision":0}}
2018-11-07 14:17:15.518  INFO 29088 --- [main] c.s.es.service.tool.ESTransportClient    : 集群内DiscoveryNode info ={"address":{"address":"192.168.2.58","fragment":true,"port":9300},"attributes":{"ml.machine_memory":"17037361152","ml.max_open_jobs":"20","xpack.installed":"true","ml.enabled":"true"},"dataNode":true,"ephemeralId":"I9M5_YUfSKGK3RMPQMqQcA","fragment":true,"hostAddress":"192.168.2.58","hostName":"192.168.2.58","id":"0vLzyqAfSsOAJMkVPnjraw","ingestNode":true,"masterNode":true,"name":"node-star-1","roles":["MASTER","DATA","INGEST"],"version":{"alpha":false,"beta":false,"build":99,"fragment":true,"id":6040099,"luceneVersion":{"bugfix":0,"major":7,"minor":4,"prerelease":0},"major":6,"minor":4,"rC":false,"release":true,"revision":0}}
2018-11-07 14:17:15.581  INFO 29088 --- [main] o.s.w.s.handler.SimpleUrlHandlerMapping  : Mapped URL path [/**/favicon.ico] onto handler of type [class org.springframework.web.servlet.resource.ResourceHttpRequestHandler]
2018-11-07 14:17:15.677  INFO 29088 --- [main] s.w.s.m.m.a.RequestMappingHandlerAdapter : Looking for @ControllerAdvice: org.springframework.boot.web.servlet.context.AnnotationConfigServletWebServerApplicationContext@3427b02d: startup date [Wed Nov 07 14:17:10 CST 2018]; root of context hierarchy
2018-11-07 14:17:15.728  INFO 29088 --- [main] s.w.s.m.m.a.RequestMappingHandlerMapping : Mapped "{[/aggr/gtgj/queryGroupCount],methods=[POST]}" onto public java.lang.Object com.star.es.controller.EsAggregationsController.queryGroupByCount(com.alibaba.fastjson.JSONObject)
2018-11-07 14:17:15.729  INFO 29088 --- [main] s.w.s.m.m.a.RequestMappingHandlerMapping : Mapped "{[/aggr/gtgj/queryResultByAggregations],methods=[POST]}" onto public java.lang.Object com.star.es.controller.EsAggregationsController.queryAggregationsBySql(com.alibaba.fastjson.JSONObject)
2018-11-07 14:17:15.729  INFO 29088 --- [main] s.w.s.m.m.a.RequestMappingHandlerMapping : Mapped "{[/aggr/gtgj/queryBySql],methods=[POST]}" onto public java.lang.Object com.star.es.controller.EsAggregationsController.queryBySql(com.alibaba.fastjson.JSONObject)
2018-11-07 14:17:15.737  INFO 29088 --- [main] s.w.s.m.m.a.RequestMappingHandlerMapping : Mapped "{[/es/gtgj/queryFuzzySortData],methods=[POST]}" onto public java.lang.Object com.star.es.controller.EsoperateController.queryFuzzySortData(com.alibaba.fastjson.JSONObject)
2018-11-07 14:17:15.737  INFO 29088 --- [main] s.w.s.m.m.a.RequestMappingHandlerMapping : Mapped "{[/es/gtgj/queryIKAnalyze]}" onto public java.lang.Object com.star.es.controller.EsoperateController.queryIKAnalyzeResult(com.alibaba.fastjson.JSONObject)
2018-11-07 14:17:15.738  INFO 29088 --- [main] s.w.s.m.m.a.RequestMappingHandlerMapping : Mapped "{[/es/gtgj/queryMoreFuzzyData],methods=[POST]}" onto public java.lang.Object com.star.es.controller.EsoperateController.queryMoreFuzzyData(com.alibaba.fastjson.JSONObject)
2018-11-07 14:17:15.738  INFO 29088 --- [main] s.w.s.m.m.a.RequestMappingHandlerMapping : Mapped "{[/es/gtgj/queryAssembleData],methods=[POST]}" onto public java.lang.Object com.star.es.controller.EsoperateController.queryMoreFuzzyTimeData(com.alibaba.fastjson.JSONObject)
2018-11-07 14:17:15.738  INFO 29088 --- [main] s.w.s.m.m.a.RequestMappingHandlerMapping : Mapped "{[/es/gtgj/queryFuzzySortPageData],methods=[POST]}" onto public java.lang.Object com.star.es.controller.EsoperateController.queryFuzzySortPageData(com.alibaba.fastjson.JSONObject)
2018-11-07 14:17:15.739  INFO 29088 --- [main] s.w.s.m.m.a.RequestMappingHandlerMapping : Mapped "{[/es/gtgj/deleteIndex],methods=[POST]}" onto public java.lang.Object com.star.es.controller.EsoperateController.deleteIndex(com.alibaba.fastjson.JSONObject)
2018-11-07 14:17:15.739  INFO 29088 --- [main] s.w.s.m.m.a.RequestMappingHandlerMapping : Mapped "{[/es/gtgj/addData],methods=[POST]}" onto public java.lang.Object com.star.es.controller.EsoperateController.addData(com.alibaba.fastjson.JSONObject)
2018-11-07 14:17:15.739  INFO 29088 --- [main] s.w.s.m.m.a.RequestMappingHandlerMapping : Mapped "{[/es/gtgj/ikCreate],methods=[POST]}" onto public java.lang.Object com.star.es.controller.EsoperateController.ikCreate(com.alibaba.fastjson.JSONObject)
2018-11-07 14:17:15.740  INFO 29088 --- [main] s.w.s.m.m.a.RequestMappingHandlerMapping : Mapped "{[/es/gtgj/addJson],methods=[POST]}" onto public java.lang.Object com.star.es.controller.EsoperateController.addJson(com.alibaba.fastjson.JSONObject)
2018-11-07 14:17:15.740  INFO 29088 --- [main] s.w.s.m.m.a.RequestMappingHandlerMapping : Mapped "{[/es/gtgj/addListJson],methods=[POST]}" onto public java.lang.Object com.star.es.controller.EsoperateController.addListJson(com.alibaba.fastjson.JSONObject)
2018-11-07 14:17:15.741  INFO 29088 --- [main] s.w.s.m.m.a.RequestMappingHandlerMapping : Mapped "{[/es/gtgj/queryListData],methods=[POST]}" onto public java.lang.Object com.star.es.controller.EsoperateController.queryListData(com.alibaba.fastjson.JSONObject)
2018-11-07 14:17:15.742  INFO 29088 --- [main] s.w.s.m.m.a.RequestMappingHandlerMapping : Mapped "{[/es/gtgj/queryFuzzyData],methods=[POST]}" onto public java.lang.Object com.star.es.controller.EsoperateController.queryFuzzyData(com.alibaba.fastjson.JSONObject)
2018-11-07 14:17:15.742  INFO 29088 --- [main] s.w.s.m.m.a.RequestMappingHandlerMapping : Mapped "{[/es/gtgj/queryData],methods=[POST]}" onto public java.lang.Object com.star.es.controller.EsoperateController.queryData(com.alibaba.fastjson.JSONObject)
2018-11-07 14:17:15.742  INFO 29088 --- [main] s.w.s.m.m.a.RequestMappingHandlerMapping : Mapped "{[/es/gtgj/deleteDataByBulk],methods=[POST]}" onto public java.lang.Object com.star.es.controller.EsoperateController.deleteDataByBulk(com.alibaba.fastjson.JSONObject)
2018-11-07 14:17:15.742  INFO 29088 --- [main] s.w.s.m.m.a.RequestMappingHandlerMapping : Mapped "{[/es/gtgj/deleteDataById],methods=[POST]}" onto public java.lang.Object com.star.es.controller.EsoperateController.deleteDataById(com.alibaba.fastjson.JSONObject)
2018-11-07 14:17:15.745  INFO 29088 --- [main] s.w.s.m.m.a.RequestMappingHandlerMapping : Mapped "{[/error]}" onto public org.springframework.http.ResponseEntity<java.util.Map<java.lang.String, java.lang.Object>> org.springframework.boot.autoconfigure.web.servlet.error.BasicErrorController.error(javax.servlet.http.HttpServletRequest)
2018-11-07 14:17:15.745  INFO 29088 --- [main] s.w.s.m.m.a.RequestMappingHandlerMapping : Mapped "{[/error],produces=[text/html]}" onto public org.springframework.web.servlet.ModelAndView org.springframework.boot.autoconfigure.web.servlet.error.BasicErrorController.errorHtml(javax.servlet.http.HttpServletRequest,javax.servlet.http.HttpServletResponse)
2018-11-07 14:17:15.763  INFO 29088 --- [main] o.s.w.s.handler.SimpleUrlHandlerMapping  : Mapped URL path [/webjars/**] onto handler of type [class org.springframework.web.servlet.resource.ResourceHttpRequestHandler]
2018-11-07 14:17:15.763  INFO 29088 --- [main] o.s.w.s.handler.SimpleUrlHandlerMapping  : Mapped URL path [/**] onto handler of type [class org.springframework.web.servlet.resource.ResourceHttpRequestHandler]
2018-11-07 14:17:15.775  INFO 29088 --- [main] .m.m.a.ExceptionHandlerExceptionResolver : Detected @ExceptionHandler methods in controllerExceptionAdvice
2018-11-07 14:17:16.162  INFO 29088 --- [main] o.s.j.e.a.AnnotationMBeanExporter        : Registering beans for JMX exposure on startup
2018-11-07 14:17:16.184  INFO 29088 --- [main] o.s.b.w.embedded.tomcat.TomcatWebServer  : Tomcat started on port(s): 8080 (http) with context path ''
2018-11-07 14:17:16.186  INFO 29088 --- [main] com.star.es.EsApplication                : Started EsApplication in 5.874 seconds (JVM running for 6.999)
2018-11-07 14:17:16.188  INFO 29088 --- [main] com.star.es.EsApplication                : -------------------------------------
2018-11-07 14:17:16.188  INFO 29088 --- [main] com.star.es.EsApplication                : 	 GTGJ-ES 微服务启动成功		  
2018-11-07 14:17:16.188  INFO 29088 --- [main] com.star.es.EsApplication                : -------------------------------------
2018-11-07 14:19:33.152  INFO 29088 --- [http-nio-8080-exec-2] o.a.c.c.C.[Tomcat].[localhost].[/]       : Initializing Spring FrameworkServlet 'dispatcherServlet'
2018-11-07 14:19:33.153  INFO 29088 --- [http-nio-8080-exec-2] o.s.web.servlet.DispatcherServlet        : FrameworkServlet 'dispatcherServlet': initialization started
2018-11-07 14:19:33.166  INFO 29088 --- [http-nio-8080-exec-2] o.s.web.servlet.DispatcherServlet        : FrameworkServlet 'dispatcherServlet': initialization completed in 13 ms
2018-11-07 14:19:33.222  INFO 29088 --- [http-nio-8080-exec-2] c.s.es.msgconverter.EsMessageConverter   : ----------------[入参报文]------------------
2018-11-07 14:19:33.222  INFO 29088 --- [http-nio-8080-exec-2] c.s.es.msgconverter.EsMessageConverter   : {"indexType":"s","index":"star","value":{"password":"1234dsfsdfssd","city":"武汉","phone":"17688897927","name":"高星","time":"2015-01-01 12:10:30","desc":"明明可以靠脸吃饭，却要靠实力"}}
2018-11-07 14:19:33.294 ERROR 29088 --- [http-nio-8080-exec-2] c.s.es.advice.ControllerExceptionAdvice  : 系统异常,异常信息=请求参数有误,请检查后重试！

java.lang.IllegalArgumentException: 请求参数有误,请检查后重试！
	at com.star.es.controller.EsoperateController.validateAddOneInputDTO(EsoperateController.java:351) ~[classes/:na]
	at com.star.es.controller.EsoperateController.addData(EsoperateController.java:72) ~[classes/:na]
	at sun.reflect.NativeMethodAccessorImpl.invoke0(Native Method) ~[na:1.8.0_162]
	at sun.reflect.NativeMethodAccessorImpl.invoke(NativeMethodAccessorImpl.java:62) ~[na:1.8.0_162]
	at sun.reflect.DelegatingMethodAccessorImpl.invoke(DelegatingMethodAccessorImpl.java:43) ~[na:1.8.0_162]
	at java.lang.reflect.Method.invoke(Method.java:498) ~[na:1.8.0_162]
	at org.springframework.web.method.support.InvocableHandlerMethod.doInvoke(InvocableHandlerMethod.java:209) ~[spring-web-5.0.8.RELEASE.jar:5.0.8.RELEASE]
	at org.springframework.web.method.support.InvocableHandlerMethod.invokeForRequest(InvocableHandlerMethod.java:136) ~[spring-web-5.0.8.RELEASE.jar:5.0.8.RELEASE]
	at org.springframework.web.servlet.mvc.method.annotation.ServletInvocableHandlerMethod.invokeAndHandle(ServletInvocableHandlerMethod.java:102) ~[spring-webmvc-5.0.8.RELEASE.jar:5.0.8.RELEASE]
	at org.springframework.web.servlet.mvc.method.annotation.RequestMappingHandlerAdapter.invokeHandlerMethod(RequestMappingHandlerAdapter.java:877) ~[spring-webmvc-5.0.8.RELEASE.jar:5.0.8.RELEASE]
	at org.springframework.web.servlet.mvc.method.annotation.RequestMappingHandlerAdapter.handleInternal(RequestMappingHandlerAdapter.java:783) ~[spring-webmvc-5.0.8.RELEASE.jar:5.0.8.RELEASE]
	at org.springframework.web.servlet.mvc.method.AbstractHandlerMethodAdapter.handle(AbstractHandlerMethodAdapter.java:87) ~[spring-webmvc-5.0.8.RELEASE.jar:5.0.8.RELEASE]
	at org.springframework.web.servlet.DispatcherServlet.doDispatch(DispatcherServlet.java:991) ~[spring-webmvc-5.0.8.RELEASE.jar:5.0.8.RELEASE]
	at org.springframework.web.servlet.DispatcherServlet.doService(DispatcherServlet.java:925) ~[spring-webmvc-5.0.8.RELEASE.jar:5.0.8.RELEASE]
	at org.springframework.web.servlet.FrameworkServlet.processRequest(FrameworkServlet.java:974) [spring-webmvc-5.0.8.RELEASE.jar:5.0.8.RELEASE]
	at org.springframework.web.servlet.FrameworkServlet.doPost(FrameworkServlet.java:877) [spring-webmvc-5.0.8.RELEASE.jar:5.0.8.RELEASE]
	at javax.servlet.http.HttpServlet.service(HttpServlet.java:661) [tomcat-embed-core-8.5.32.jar:8.5.32]
	at org.springframework.web.servlet.FrameworkServlet.service(FrameworkServlet.java:851) [spring-webmvc-5.0.8.RELEASE.jar:5.0.8.RELEASE]
	at javax.servlet.http.HttpServlet.service(HttpServlet.java:742) [tomcat-embed-core-8.5.32.jar:8.5.32]
	at org.apache.catalina.core.ApplicationFilterChain.internalDoFilter(ApplicationFilterChain.java:231) [tomcat-embed-core-8.5.32.jar:8.5.32]
	at org.apache.catalina.core.ApplicationFilterChain.doFilter(ApplicationFilterChain.java:166) [tomcat-embed-core-8.5.32.jar:8.5.32]
	at org.apache.tomcat.websocket.server.WsFilter.doFilter(WsFilter.java:52) [tomcat-embed-websocket-8.5.32.jar:8.5.32]
	at org.apache.catalina.core.ApplicationFilterChain.internalDoFilter(ApplicationFilterChain.java:193) [tomcat-embed-core-8.5.32.jar:8.5.32]
	at org.apache.catalina.core.ApplicationFilterChain.doFilter(ApplicationFilterChain.java:166) [tomcat-embed-core-8.5.32.jar:8.5.32]
	at org.springframework.web.filter.RequestContextFilter.doFilterInternal(RequestContextFilter.java:99) [spring-web-5.0.8.RELEASE.jar:5.0.8.RELEASE]
	at org.springframework.web.filter.OncePerRequestFilter.doFilter(OncePerRequestFilter.java:107) [spring-web-5.0.8.RELEASE.jar:5.0.8.RELEASE]
	at org.apache.catalina.core.ApplicationFilterChain.internalDoFilter(ApplicationFilterChain.java:193) [tomcat-embed-core-8.5.32.jar:8.5.32]
	at org.apache.catalina.core.ApplicationFilterChain.doFilter(ApplicationFilterChain.java:166) [tomcat-embed-core-8.5.32.jar:8.5.32]
	at org.springframework.web.filter.HttpPutFormContentFilter.doFilterInternal(HttpPutFormContentFilter.java:109) [spring-web-5.0.8.RELEASE.jar:5.0.8.RELEASE]
	at org.springframework.web.filter.OncePerRequestFilter.doFilter(OncePerRequestFilter.java:107) [spring-web-5.0.8.RELEASE.jar:5.0.8.RELEASE]
	at org.apache.catalina.core.ApplicationFilterChain.internalDoFilter(ApplicationFilterChain.java:193) [tomcat-embed-core-8.5.32.jar:8.5.32]
	at org.apache.catalina.core.ApplicationFilterChain.doFilter(ApplicationFilterChain.java:166) [tomcat-embed-core-8.5.32.jar:8.5.32]
	at org.springframework.web.filter.HiddenHttpMethodFilter.doFilterInternal(HiddenHttpMethodFilter.java:93) [spring-web-5.0.8.RELEASE.jar:5.0.8.RELEASE]
	at org.springframework.web.filter.OncePerRequestFilter.doFilter(OncePerRequestFilter.java:107) [spring-web-5.0.8.RELEASE.jar:5.0.8.RELEASE]
	at org.apache.catalina.core.ApplicationFilterChain.internalDoFilter(ApplicationFilterChain.java:193) [tomcat-embed-core-8.5.32.jar:8.5.32]
	at org.apache.catalina.core.ApplicationFilterChain.doFilter(ApplicationFilterChain.java:166) [tomcat-embed-core-8.5.32.jar:8.5.32]
	at org.springframework.web.filter.CharacterEncodingFilter.doFilterInternal(CharacterEncodingFilter.java:200) [spring-web-5.0.8.RELEASE.jar:5.0.8.RELEASE]
	at org.springframework.web.filter.OncePerRequestFilter.doFilter(OncePerRequestFilter.java:107) [spring-web-5.0.8.RELEASE.jar:5.0.8.RELEASE]
	at org.apache.catalina.core.ApplicationFilterChain.internalDoFilter(ApplicationFilterChain.java:193) [tomcat-embed-core-8.5.32.jar:8.5.32]
	at org.apache.catalina.core.ApplicationFilterChain.doFilter(ApplicationFilterChain.java:166) [tomcat-embed-core-8.5.32.jar:8.5.32]
	at org.apache.catalina.core.StandardWrapperValve.invoke(StandardWrapperValve.java:198) [tomcat-embed-core-8.5.32.jar:8.5.32]
	at org.apache.catalina.core.StandardContextValve.invoke(StandardContextValve.java:96) [tomcat-embed-core-8.5.32.jar:8.5.32]
	at org.apache.catalina.authenticator.AuthenticatorBase.invoke(AuthenticatorBase.java:493) [tomcat-embed-core-8.5.32.jar:8.5.32]
	at org.apache.catalina.core.StandardHostValve.invoke(StandardHostValve.java:140) [tomcat-embed-core-8.5.32.jar:8.5.32]
	at org.apache.catalina.valves.ErrorReportValve.invoke(ErrorReportValve.java:81) [tomcat-embed-core-8.5.32.jar:8.5.32]
	at org.apache.catalina.core.StandardEngineValve.invoke(StandardEngineValve.java:87) [tomcat-embed-core-8.5.32.jar:8.5.32]
	at org.apache.catalina.connector.CoyoteAdapter.service(CoyoteAdapter.java:342) [tomcat-embed-core-8.5.32.jar:8.5.32]
	at org.apache.coyote.http11.Http11Processor.service(Http11Processor.java:800) [tomcat-embed-core-8.5.32.jar:8.5.32]
	at org.apache.coyote.AbstractProcessorLight.process(AbstractProcessorLight.java:66) [tomcat-embed-core-8.5.32.jar:8.5.32]
	at org.apache.coyote.AbstractProtocol$ConnectionHandler.process(AbstractProtocol.java:800) [tomcat-embed-core-8.5.32.jar:8.5.32]
	at org.apache.tomcat.util.net.NioEndpoint$SocketProcessor.doRun(NioEndpoint.java:1471) [tomcat-embed-core-8.5.32.jar:8.5.32]
	at org.apache.tomcat.util.net.SocketProcessorBase.run(SocketProcessorBase.java:49) [tomcat-embed-core-8.5.32.jar:8.5.32]
	at java.util.concurrent.ThreadPoolExecutor.runWorker(ThreadPoolExecutor.java:1149) [na:1.8.0_162]
	at java.util.concurrent.ThreadPoolExecutor$Worker.run(ThreadPoolExecutor.java:624) [na:1.8.0_162]
	at org.apache.tomcat.util.threads.TaskThread$WrappingRunnable.run(TaskThread.java:61) [tomcat-embed-core-8.5.32.jar:8.5.32]
	at java.lang.Thread.run(Thread.java:748) [na:1.8.0_162]

2018-11-07 14:19:33.337  INFO 29088 --- [http-nio-8080-exec-2] c.s.es.msgconverter.EsMessageConverter   : ----------------[出参报文]------------------
2018-11-07 14:19:33.337  INFO 29088 --- [http-nio-8080-exec-2] c.s.es.msgconverter.EsMessageConverter   : {"msg":"请求参数有误,请检查后重试！","timeStamp":"1541571573291","code":"UE1111"}
2018-11-07 14:19:40.442  INFO 29088 --- [http-nio-8080-exec-3] c.s.es.msgconverter.EsMessageConverter   : ----------------[入参报文]------------------
2018-11-07 14:19:40.442  INFO 29088 --- [http-nio-8080-exec-3] c.s.es.msgconverter.EsMessageConverter   : {"indexType":"s","indexName":"star","value":{"password":"1234dsfsdfssd","city":"武汉","phone":"17688897927","name":"高星","time":"2015-01-01 12:10:30","desc":"明明可以靠脸吃饭，却要靠实力"}}
2018-11-07 14:19:40.444 ERROR 29088 --- [http-nio-8080-exec-3] c.s.es.advice.ControllerExceptionAdvice  : 系统异常,异常信息=请求参数有误,请检查后重试！

java.lang.IllegalArgumentException: 请求参数有误,请检查后重试！
	at com.star.es.controller.EsoperateController.validateAddOneInputDTO(EsoperateController.java:351) ~[classes/:na]
	at com.star.es.controller.EsoperateController.addData(EsoperateController.java:72) ~[classes/:na]
	at sun.reflect.NativeMethodAccessorImpl.invoke0(Native Method) ~[na:1.8.0_162]
	at sun.reflect.NativeMethodAccessorImpl.invoke(NativeMethodAccessorImpl.java:62) ~[na:1.8.0_162]
	at sun.reflect.DelegatingMethodAccessorImpl.invoke(DelegatingMethodAccessorImpl.java:43) ~[na:1.8.0_162]
	at java.lang.reflect.Method.invoke(Method.java:498) ~[na:1.8.0_162]
	at org.springframework.web.method.support.InvocableHandlerMethod.doInvoke(InvocableHandlerMethod.java:209) ~[spring-web-5.0.8.RELEASE.jar:5.0.8.RELEASE]
	at org.springframework.web.method.support.InvocableHandlerMethod.invokeForRequest(InvocableHandlerMethod.java:136) ~[spring-web-5.0.8.RELEASE.jar:5.0.8.RELEASE]
	at org.springframework.web.servlet.mvc.method.annotation.ServletInvocableHandlerMethod.invokeAndHandle(ServletInvocableHandlerMethod.java:102) ~[spring-webmvc-5.0.8.RELEASE.jar:5.0.8.RELEASE]
	at org.springframework.web.servlet.mvc.method.annotation.RequestMappingHandlerAdapter.invokeHandlerMethod(RequestMappingHandlerAdapter.java:877) ~[spring-webmvc-5.0.8.RELEASE.jar:5.0.8.RELEASE]
	at org.springframework.web.servlet.mvc.method.annotation.RequestMappingHandlerAdapter.handleInternal(RequestMappingHandlerAdapter.java:783) ~[spring-webmvc-5.0.8.RELEASE.jar:5.0.8.RELEASE]
	at org.springframework.web.servlet.mvc.method.AbstractHandlerMethodAdapter.handle(AbstractHandlerMethodAdapter.java:87) ~[spring-webmvc-5.0.8.RELEASE.jar:5.0.8.RELEASE]
	at org.springframework.web.servlet.DispatcherServlet.doDispatch(DispatcherServlet.java:991) ~[spring-webmvc-5.0.8.RELEASE.jar:5.0.8.RELEASE]
	at org.springframework.web.servlet.DispatcherServlet.doService(DispatcherServlet.java:925) ~[spring-webmvc-5.0.8.RELEASE.jar:5.0.8.RELEASE]
	at org.springframework.web.servlet.FrameworkServlet.processRequest(FrameworkServlet.java:974) [spring-webmvc-5.0.8.RELEASE.jar:5.0.8.RELEASE]
	at org.springframework.web.servlet.FrameworkServlet.doPost(FrameworkServlet.java:877) [spring-webmvc-5.0.8.RELEASE.jar:5.0.8.RELEASE]
	at javax.servlet.http.HttpServlet.service(HttpServlet.java:661) [tomcat-embed-core-8.5.32.jar:8.5.32]
	at org.springframework.web.servlet.FrameworkServlet.service(FrameworkServlet.java:851) [spring-webmvc-5.0.8.RELEASE.jar:5.0.8.RELEASE]
	at javax.servlet.http.HttpServlet.service(HttpServlet.java:742) [tomcat-embed-core-8.5.32.jar:8.5.32]
	at org.apache.catalina.core.ApplicationFilterChain.internalDoFilter(ApplicationFilterChain.java:231) [tomcat-embed-core-8.5.32.jar:8.5.32]
	at org.apache.catalina.core.ApplicationFilterChain.doFilter(ApplicationFilterChain.java:166) [tomcat-embed-core-8.5.32.jar:8.5.32]
	at org.apache.tomcat.websocket.server.WsFilter.doFilter(WsFilter.java:52) [tomcat-embed-websocket-8.5.32.jar:8.5.32]
	at org.apache.catalina.core.ApplicationFilterChain.internalDoFilter(ApplicationFilterChain.java:193) [tomcat-embed-core-8.5.32.jar:8.5.32]
	at org.apache.catalina.core.ApplicationFilterChain.doFilter(ApplicationFilterChain.java:166) [tomcat-embed-core-8.5.32.jar:8.5.32]
	at org.springframework.web.filter.RequestContextFilter.doFilterInternal(RequestContextFilter.java:99) [spring-web-5.0.8.RELEASE.jar:5.0.8.RELEASE]
	at org.springframework.web.filter.OncePerRequestFilter.doFilter(OncePerRequestFilter.java:107) [spring-web-5.0.8.RELEASE.jar:5.0.8.RELEASE]
	at org.apache.catalina.core.ApplicationFilterChain.internalDoFilter(ApplicationFilterChain.java:193) [tomcat-embed-core-8.5.32.jar:8.5.32]
	at org.apache.catalina.core.ApplicationFilterChain.doFilter(ApplicationFilterChain.java:166) [tomcat-embed-core-8.5.32.jar:8.5.32]
	at org.springframework.web.filter.HttpPutFormContentFilter.doFilterInternal(HttpPutFormContentFilter.java:109) [spring-web-5.0.8.RELEASE.jar:5.0.8.RELEASE]
	at org.springframework.web.filter.OncePerRequestFilter.doFilter(OncePerRequestFilter.java:107) [spring-web-5.0.8.RELEASE.jar:5.0.8.RELEASE]
	at org.apache.catalina.core.ApplicationFilterChain.internalDoFilter(ApplicationFilterChain.java:193) [tomcat-embed-core-8.5.32.jar:8.5.32]
	at org.apache.catalina.core.ApplicationFilterChain.doFilter(ApplicationFilterChain.java:166) [tomcat-embed-core-8.5.32.jar:8.5.32]
	at org.springframework.web.filter.HiddenHttpMethodFilter.doFilterInternal(HiddenHttpMethodFilter.java:93) [spring-web-5.0.8.RELEASE.jar:5.0.8.RELEASE]
	at org.springframework.web.filter.OncePerRequestFilter.doFilter(OncePerRequestFilter.java:107) [spring-web-5.0.8.RELEASE.jar:5.0.8.RELEASE]
	at org.apache.catalina.core.ApplicationFilterChain.internalDoFilter(ApplicationFilterChain.java:193) [tomcat-embed-core-8.5.32.jar:8.5.32]
	at org.apache.catalina.core.ApplicationFilterChain.doFilter(ApplicationFilterChain.java:166) [tomcat-embed-core-8.5.32.jar:8.5.32]
	at org.springframework.web.filter.CharacterEncodingFilter.doFilterInternal(CharacterEncodingFilter.java:200) [spring-web-5.0.8.RELEASE.jar:5.0.8.RELEASE]
	at org.springframework.web.filter.OncePerRequestFilter.doFilter(OncePerRequestFilter.java:107) [spring-web-5.0.8.RELEASE.jar:5.0.8.RELEASE]
	at org.apache.catalina.core.ApplicationFilterChain.internalDoFilter(ApplicationFilterChain.java:193) [tomcat-embed-core-8.5.32.jar:8.5.32]
	at org.apache.catalina.core.ApplicationFilterChain.doFilter(ApplicationFilterChain.java:166) [tomcat-embed-core-8.5.32.jar:8.5.32]
	at org.apache.catalina.core.StandardWrapperValve.invoke(StandardWrapperValve.java:198) [tomcat-embed-core-8.5.32.jar:8.5.32]
	at org.apache.catalina.core.StandardContextValve.invoke(StandardContextValve.java:96) [tomcat-embed-core-8.5.32.jar:8.5.32]
	at org.apache.catalina.authenticator.AuthenticatorBase.invoke(AuthenticatorBase.java:493) [tomcat-embed-core-8.5.32.jar:8.5.32]
	at org.apache.catalina.core.StandardHostValve.invoke(StandardHostValve.java:140) [tomcat-embed-core-8.5.32.jar:8.5.32]
	at org.apache.catalina.valves.ErrorReportValve.invoke(ErrorReportValve.java:81) [tomcat-embed-core-8.5.32.jar:8.5.32]
	at org.apache.catalina.core.StandardEngineValve.invoke(StandardEngineValve.java:87) [tomcat-embed-core-8.5.32.jar:8.5.32]
	at org.apache.catalina.connector.CoyoteAdapter.service(CoyoteAdapter.java:342) [tomcat-embed-core-8.5.32.jar:8.5.32]
	at org.apache.coyote.http11.Http11Processor.service(Http11Processor.java:800) [tomcat-embed-core-8.5.32.jar:8.5.32]
	at org.apache.coyote.AbstractProcessorLight.process(AbstractProcessorLight.java:66) [tomcat-embed-core-8.5.32.jar:8.5.32]
	at org.apache.coyote.AbstractProtocol$ConnectionHandler.process(AbstractProtocol.java:800) [tomcat-embed-core-8.5.32.jar:8.5.32]
	at org.apache.tomcat.util.net.NioEndpoint$SocketProcessor.doRun(NioEndpoint.java:1471) [tomcat-embed-core-8.5.32.jar:8.5.32]
	at org.apache.tomcat.util.net.SocketProcessorBase.run(SocketProcessorBase.java:49) [tomcat-embed-core-8.5.32.jar:8.5.32]
	at java.util.concurrent.ThreadPoolExecutor.runWorker(ThreadPoolExecutor.java:1149) [na:1.8.0_162]
	at java.util.concurrent.ThreadPoolExecutor$Worker.run(ThreadPoolExecutor.java:624) [na:1.8.0_162]
	at org.apache.tomcat.util.threads.TaskThread$WrappingRunnable.run(TaskThread.java:61) [tomcat-embed-core-8.5.32.jar:8.5.32]
	at java.lang.Thread.run(Thread.java:748) [na:1.8.0_162]

2018-11-07 14:19:40.447  INFO 29088 --- [http-nio-8080-exec-3] c.s.es.msgconverter.EsMessageConverter   : ----------------[出参报文]------------------
2018-11-07 14:19:40.447  INFO 29088 --- [http-nio-8080-exec-3] c.s.es.msgconverter.EsMessageConverter   : {"msg":"请求参数有误,请检查后重试！","timeStamp":"1541571580443","code":"UE1111"}
2018-11-07 14:20:05.596  INFO 11124 --- [main] com.star.es.EsApplication                : Starting EsApplication on DESKTOP-2H2VV7N with PID 11124 (D:\IM\es\target\classes started by Gobi in D:\IM\es)
2018-11-07 14:20:05.598 DEBUG 11124 --- [main] com.star.es.EsApplication                : Running with Spring Boot v2.0.4.RELEASE, Spring v5.0.8.RELEASE
2018-11-07 14:20:05.601  INFO 11124 --- [main] com.star.es.EsApplication                : No active profile set, falling back to default profiles: default
2018-11-07 14:20:05.651  INFO 11124 --- [main] ConfigServletWebServerApplicationContext : Refreshing org.springframework.boot.web.servlet.context.AnnotationConfigServletWebServerApplicationContext@4d9e68d0: startup date [Wed Nov 07 14:20:05 CST 2018]; root of context hierarchy
2018-11-07 14:20:06.642  INFO 11124 --- [main] o.s.b.w.embedded.tomcat.TomcatWebServer  : Tomcat initialized with port(s): 8080 (http)
2018-11-07 14:20:06.657  INFO 11124 --- [main] o.apache.catalina.core.StandardService   : Starting service [Tomcat]
2018-11-07 14:20:06.657  INFO 11124 --- [main] org.apache.catalina.core.StandardEngine  : Starting Servlet Engine: Apache Tomcat/8.5.32
2018-11-07 14:20:06.661  INFO 11124 --- [localhost-startStop-1] o.a.catalina.core.AprLifecycleListener   : Loaded APR based Apache Tomcat Native library [1.2.17] using APR version [1.6.3].
2018-11-07 14:20:06.661  INFO 11124 --- [localhost-startStop-1] o.a.catalina.core.AprLifecycleListener   : APR capabilities: IPv6 [true], sendfile [true], accept filters [false], random [true].
2018-11-07 14:20:06.661  INFO 11124 --- [localhost-startStop-1] o.a.catalina.core.AprLifecycleListener   : APR/OpenSSL configuration: useAprConnector [false], useOpenSSL [true]
2018-11-07 14:20:07.703  INFO 11124 --- [localhost-startStop-1] o.a.catalina.core.AprLifecycleListener   : OpenSSL successfully initialized [OpenSSL 1.0.2o  27 Mar 2018]
2018-11-07 14:20:07.795  INFO 11124 --- [localhost-startStop-1] o.a.c.c.C.[Tomcat].[localhost].[/]       : Initializing Spring embedded WebApplicationContext
2018-11-07 14:20:07.795  INFO 11124 --- [localhost-startStop-1] o.s.web.context.ContextLoader            : Root WebApplicationContext: initialization completed in 2144 ms
2018-11-07 14:20:07.842  INFO 11124 --- [localhost-startStop-1] o.s.b.w.servlet.ServletRegistrationBean  : Servlet dispatcherServlet mapped to [/]
2018-11-07 14:20:07.846  INFO 11124 --- [localhost-startStop-1] o.s.b.w.servlet.FilterRegistrationBean   : Mapping filter: 'characterEncodingFilter' to: [/*]
2018-11-07 14:20:07.846  INFO 11124 --- [localhost-startStop-1] o.s.b.w.servlet.FilterRegistrationBean   : Mapping filter: 'hiddenHttpMethodFilter' to: [/*]
2018-11-07 14:20:07.846  INFO 11124 --- [localhost-startStop-1] o.s.b.w.servlet.FilterRegistrationBean   : Mapping filter: 'httpPutFormContentFilter' to: [/*]
2018-11-07 14:20:07.847  INFO 11124 --- [localhost-startStop-1] o.s.b.w.servlet.FilterRegistrationBean   : Mapping filter: 'requestContextFilter' to: [/*]
2018-11-07 14:20:07.899  INFO 11124 --- [main] c.s.es.service.tool.ESTransportClient    : Build TransportClient is start.
2018-11-07 14:20:07.899  INFO 11124 --- [main] c.s.es.service.tool.ESTransportClient    : EsConfig info =ESConfigBean{clusterNodes='192.168.2.58:9300,192.168.2.58:9301', clusterName='es-gtgj', clientTransportSniff=true, clientIgnoreClusterName=true, clientPingTimeout='60s', clientNodesSamplerInterval='10s'}
2018-11-07 14:20:08.055  INFO 11124 --- [main] o.elasticsearch.plugins.PluginsService   : no modules loaded
2018-11-07 14:20:08.055  INFO 11124 --- [main] o.elasticsearch.plugins.PluginsService   : loaded plugin [org.elasticsearch.index.reindex.ReindexPlugin]
2018-11-07 14:20:08.056  INFO 11124 --- [main] o.elasticsearch.plugins.PluginsService   : loaded plugin [org.elasticsearch.join.ParentJoinPlugin]
2018-11-07 14:20:08.056  INFO 11124 --- [main] o.elasticsearch.plugins.PluginsService   : loaded plugin [org.elasticsearch.percolator.PercolatorPlugin]
2018-11-07 14:20:08.056  INFO 11124 --- [main] o.elasticsearch.plugins.PluginsService   : loaded plugin [org.elasticsearch.script.mustache.MustachePlugin]
2018-11-07 14:20:08.056  INFO 11124 --- [main] o.elasticsearch.plugins.PluginsService   : loaded plugin [org.elasticsearch.transport.Netty4Plugin]
2018-11-07 14:20:08.871  INFO 11124 --- [main] c.s.es.service.tool.ESTransportClient    : adding transport node : 192.168.2.58:9300
2018-11-07 14:20:39.141  INFO 11124 --- [main] c.s.es.service.tool.ESTransportClient    : adding transport node : 192.168.2.58:9301
2018-11-07 14:22:05.730  INFO 5396 --- [main] com.star.es.EsApplication                : Starting EsApplication on DESKTOP-2H2VV7N with PID 5396 (D:\IM\es\target\classes started by Gobi in D:\IM\es)
2018-11-07 14:22:05.739 DEBUG 5396 --- [main] com.star.es.EsApplication                : Running with Spring Boot v2.0.4.RELEASE, Spring v5.0.8.RELEASE
2018-11-07 14:22:05.743  INFO 5396 --- [main] com.star.es.EsApplication                : No active profile set, falling back to default profiles: default
2018-11-07 14:22:05.784  INFO 5396 --- [main] ConfigServletWebServerApplicationContext : Refreshing org.springframework.boot.web.servlet.context.AnnotationConfigServletWebServerApplicationContext@402bba4f: startup date [Wed Nov 07 14:22:05 CST 2018]; root of context hierarchy
2018-11-07 14:22:06.747  INFO 5396 --- [main] o.s.b.w.embedded.tomcat.TomcatWebServer  : Tomcat initialized with port(s): 8080 (http)
2018-11-07 14:22:06.762  INFO 5396 --- [main] o.apache.catalina.core.StandardService   : Starting service [Tomcat]
2018-11-07 14:22:06.762  INFO 5396 --- [main] org.apache.catalina.core.StandardEngine  : Starting Servlet Engine: Apache Tomcat/8.5.32
2018-11-07 14:22:06.765  INFO 5396 --- [localhost-startStop-1] o.a.catalina.core.AprLifecycleListener   : Loaded APR based Apache Tomcat Native library [1.2.17] using APR version [1.6.3].
2018-11-07 14:22:06.765  INFO 5396 --- [localhost-startStop-1] o.a.catalina.core.AprLifecycleListener   : APR capabilities: IPv6 [true], sendfile [true], accept filters [false], random [true].
2018-11-07 14:22:06.766  INFO 5396 --- [localhost-startStop-1] o.a.catalina.core.AprLifecycleListener   : APR/OpenSSL configuration: useAprConnector [false], useOpenSSL [true]
2018-11-07 14:22:07.812  INFO 5396 --- [localhost-startStop-1] o.a.catalina.core.AprLifecycleListener   : OpenSSL successfully initialized [OpenSSL 1.0.2o  27 Mar 2018]
2018-11-07 14:22:07.896  INFO 5396 --- [localhost-startStop-1] o.a.c.c.C.[Tomcat].[localhost].[/]       : Initializing Spring embedded WebApplicationContext
2018-11-07 14:22:07.897  INFO 5396 --- [localhost-startStop-1] o.s.web.context.ContextLoader            : Root WebApplicationContext: initialization completed in 2113 ms
2018-11-07 14:22:07.941  INFO 5396 --- [localhost-startStop-1] o.s.b.w.servlet.ServletRegistrationBean  : Servlet dispatcherServlet mapped to [/]
2018-11-07 14:22:07.944  INFO 5396 --- [localhost-startStop-1] o.s.b.w.servlet.FilterRegistrationBean   : Mapping filter: 'characterEncodingFilter' to: [/*]
2018-11-07 14:22:07.944  INFO 5396 --- [localhost-startStop-1] o.s.b.w.servlet.FilterRegistrationBean   : Mapping filter: 'hiddenHttpMethodFilter' to: [/*]
2018-11-07 14:22:07.944  INFO 5396 --- [localhost-startStop-1] o.s.b.w.servlet.FilterRegistrationBean   : Mapping filter: 'httpPutFormContentFilter' to: [/*]
2018-11-07 14:22:07.944  INFO 5396 --- [localhost-startStop-1] o.s.b.w.servlet.FilterRegistrationBean   : Mapping filter: 'requestContextFilter' to: [/*]
2018-11-07 14:22:07.986  INFO 5396 --- [main] c.s.es.service.tool.ESTransportClient    : Build TransportClient is start.
2018-11-07 14:22:07.986  INFO 5396 --- [main] c.s.es.service.tool.ESTransportClient    : EsConfig info =ESConfigBean{clusterNodes='192.168.2.58:9300,192.168.2.58:9301', clusterName='es-star', clientTransportSniff=true, clientIgnoreClusterName=true, clientPingTimeout='60s', clientNodesSamplerInterval='10s'}
2018-11-07 14:22:08.136  INFO 5396 --- [main] o.elasticsearch.plugins.PluginsService   : no modules loaded
2018-11-07 14:22:08.138  INFO 5396 --- [main] o.elasticsearch.plugins.PluginsService   : loaded plugin [org.elasticsearch.index.reindex.ReindexPlugin]
2018-11-07 14:22:08.138  INFO 5396 --- [main] o.elasticsearch.plugins.PluginsService   : loaded plugin [org.elasticsearch.join.ParentJoinPlugin]
2018-11-07 14:22:08.138  INFO 5396 --- [main] o.elasticsearch.plugins.PluginsService   : loaded plugin [org.elasticsearch.percolator.PercolatorPlugin]
2018-11-07 14:22:08.138  INFO 5396 --- [main] o.elasticsearch.plugins.PluginsService   : loaded plugin [org.elasticsearch.script.mustache.MustachePlugin]
2018-11-07 14:22:08.138  INFO 5396 --- [main] o.elasticsearch.plugins.PluginsService   : loaded plugin [org.elasticsearch.transport.Netty4Plugin]
2018-11-07 14:22:08.942  INFO 5396 --- [main] c.s.es.service.tool.ESTransportClient    : adding transport node : 192.168.2.58:9300
2018-11-07 14:22:39.189  INFO 5396 --- [main] c.s.es.service.tool.ESTransportClient    : adding transport node : 192.168.2.58:9301
2018-11-07 14:23:44.363  INFO 1864 --- [main] com.star.es.EsApplication                : Starting EsApplication on DESKTOP-2H2VV7N with PID 1864 (D:\IM\es\target\classes started by Gobi in D:\IM\es)
2018-11-07 14:23:44.367 DEBUG 1864 --- [main] com.star.es.EsApplication                : Running with Spring Boot v2.0.4.RELEASE, Spring v5.0.8.RELEASE
2018-11-07 14:23:44.368  INFO 1864 --- [main] com.star.es.EsApplication                : No active profile set, falling back to default profiles: default
2018-11-07 14:23:44.399  INFO 1864 --- [main] ConfigServletWebServerApplicationContext : Refreshing org.springframework.boot.web.servlet.context.AnnotationConfigServletWebServerApplicationContext@56620197: startup date [Wed Nov 07 14:23:44 CST 2018]; root of context hierarchy
2018-11-07 14:23:45.424  INFO 1864 --- [main] o.s.b.w.embedded.tomcat.TomcatWebServer  : Tomcat initialized with port(s): 8080 (http)
2018-11-07 14:23:45.439  INFO 1864 --- [main] o.apache.catalina.core.StandardService   : Starting service [Tomcat]
2018-11-07 14:23:45.440  INFO 1864 --- [main] org.apache.catalina.core.StandardEngine  : Starting Servlet Engine: Apache Tomcat/8.5.32
2018-11-07 14:23:45.442  INFO 1864 --- [localhost-startStop-1] o.a.catalina.core.AprLifecycleListener   : Loaded APR based Apache Tomcat Native library [1.2.17] using APR version [1.6.3].
2018-11-07 14:23:45.443  INFO 1864 --- [localhost-startStop-1] o.a.catalina.core.AprLifecycleListener   : APR capabilities: IPv6 [true], sendfile [true], accept filters [false], random [true].
2018-11-07 14:23:45.443  INFO 1864 --- [localhost-startStop-1] o.a.catalina.core.AprLifecycleListener   : APR/OpenSSL configuration: useAprConnector [false], useOpenSSL [true]
2018-11-07 14:23:46.488  INFO 1864 --- [localhost-startStop-1] o.a.catalina.core.AprLifecycleListener   : OpenSSL successfully initialized [OpenSSL 1.0.2o  27 Mar 2018]
2018-11-07 14:23:46.578  INFO 1864 --- [localhost-startStop-1] o.a.c.c.C.[Tomcat].[localhost].[/]       : Initializing Spring embedded WebApplicationContext
2018-11-07 14:23:46.579  INFO 1864 --- [localhost-startStop-1] o.s.web.context.ContextLoader            : Root WebApplicationContext: initialization completed in 2180 ms
2018-11-07 14:23:46.632  INFO 1864 --- [localhost-startStop-1] o.s.b.w.servlet.ServletRegistrationBean  : Servlet dispatcherServlet mapped to [/]
2018-11-07 14:23:46.635  INFO 1864 --- [localhost-startStop-1] o.s.b.w.servlet.FilterRegistrationBean   : Mapping filter: 'characterEncodingFilter' to: [/*]
2018-11-07 14:23:46.635  INFO 1864 --- [localhost-startStop-1] o.s.b.w.servlet.FilterRegistrationBean   : Mapping filter: 'hiddenHttpMethodFilter' to: [/*]
2018-11-07 14:23:46.635  INFO 1864 --- [localhost-startStop-1] o.s.b.w.servlet.FilterRegistrationBean   : Mapping filter: 'httpPutFormContentFilter' to: [/*]
2018-11-07 14:23:46.635  INFO 1864 --- [localhost-startStop-1] o.s.b.w.servlet.FilterRegistrationBean   : Mapping filter: 'requestContextFilter' to: [/*]
2018-11-07 14:23:46.676  INFO 1864 --- [main] c.s.es.service.tool.ESTransportClient    : Build TransportClient is start.
2018-11-07 14:23:46.676  INFO 1864 --- [main] c.s.es.service.tool.ESTransportClient    : EsConfig info =ESConfigBean{clusterNodes='192.168.2.58:9300,192.168.2.58:9301', clusterName='es-star', clientTransportSniff=true, clientIgnoreClusterName=true, clientPingTimeout='60s', clientNodesSamplerInterval='10s'}
2018-11-07 14:23:46.834  INFO 1864 --- [main] o.elasticsearch.plugins.PluginsService   : no modules loaded
2018-11-07 14:23:46.834  INFO 1864 --- [main] o.elasticsearch.plugins.PluginsService   : loaded plugin [org.elasticsearch.index.reindex.ReindexPlugin]
2018-11-07 14:23:46.835  INFO 1864 --- [main] o.elasticsearch.plugins.PluginsService   : loaded plugin [org.elasticsearch.join.ParentJoinPlugin]
2018-11-07 14:23:46.835  INFO 1864 --- [main] o.elasticsearch.plugins.PluginsService   : loaded plugin [org.elasticsearch.percolator.PercolatorPlugin]
2018-11-07 14:23:46.835  INFO 1864 --- [main] o.elasticsearch.plugins.PluginsService   : loaded plugin [org.elasticsearch.script.mustache.MustachePlugin]
2018-11-07 14:23:46.835  INFO 1864 --- [main] o.elasticsearch.plugins.PluginsService   : loaded plugin [org.elasticsearch.transport.Netty4Plugin]
2018-11-07 14:23:47.696  INFO 1864 --- [main] c.s.es.service.tool.ESTransportClient    : adding transport node : 192.168.2.58:9300
2018-11-07 14:25:03.979  INFO 14576 --- [main] com.star.es.EsApplication                : Starting EsApplication on DESKTOP-2H2VV7N with PID 14576 (D:\IM\es\target\classes started by Gobi in D:\IM\es)
2018-11-07 14:25:03.983 DEBUG 14576 --- [main] com.star.es.EsApplication                : Running with Spring Boot v2.0.4.RELEASE, Spring v5.0.8.RELEASE
2018-11-07 14:25:03.985  INFO 14576 --- [main] com.star.es.EsApplication                : No active profile set, falling back to default profiles: default
2018-11-07 14:25:04.025  INFO 14576 --- [main] ConfigServletWebServerApplicationContext : Refreshing org.springframework.boot.web.servlet.context.AnnotationConfigServletWebServerApplicationContext@8dbdac1: startup date [Wed Nov 07 14:25:04 CST 2018]; root of context hierarchy
2018-11-07 14:25:05.253  INFO 14576 --- [main] o.s.b.w.embedded.tomcat.TomcatWebServer  : Tomcat initialized with port(s): 8080 (http)
2018-11-07 14:25:05.268  INFO 14576 --- [main] o.apache.catalina.core.StandardService   : Starting service [Tomcat]
2018-11-07 14:25:05.268  INFO 14576 --- [main] org.apache.catalina.core.StandardEngine  : Starting Servlet Engine: Apache Tomcat/8.5.32
2018-11-07 14:25:05.271  INFO 14576 --- [localhost-startStop-1] o.a.catalina.core.AprLifecycleListener   : Loaded APR based Apache Tomcat Native library [1.2.17] using APR version [1.6.3].
2018-11-07 14:25:05.271  INFO 14576 --- [localhost-startStop-1] o.a.catalina.core.AprLifecycleListener   : APR capabilities: IPv6 [true], sendfile [true], accept filters [false], random [true].
2018-11-07 14:25:05.271  INFO 14576 --- [localhost-startStop-1] o.a.catalina.core.AprLifecycleListener   : APR/OpenSSL configuration: useAprConnector [false], useOpenSSL [true]
2018-11-07 14:25:06.316  INFO 14576 --- [localhost-startStop-1] o.a.catalina.core.AprLifecycleListener   : OpenSSL successfully initialized [OpenSSL 1.0.2o  27 Mar 2018]
2018-11-07 14:25:06.417  INFO 14576 --- [localhost-startStop-1] o.a.c.c.C.[Tomcat].[localhost].[/]       : Initializing Spring embedded WebApplicationContext
2018-11-07 14:25:06.417  INFO 14576 --- [localhost-startStop-1] o.s.web.context.ContextLoader            : Root WebApplicationContext: initialization completed in 2392 ms
2018-11-07 14:25:06.462  INFO 14576 --- [localhost-startStop-1] o.s.b.w.servlet.ServletRegistrationBean  : Servlet dispatcherServlet mapped to [/]
2018-11-07 14:25:06.465  INFO 14576 --- [localhost-startStop-1] o.s.b.w.servlet.FilterRegistrationBean   : Mapping filter: 'characterEncodingFilter' to: [/*]
2018-11-07 14:25:06.466  INFO 14576 --- [localhost-startStop-1] o.s.b.w.servlet.FilterRegistrationBean   : Mapping filter: 'hiddenHttpMethodFilter' to: [/*]
2018-11-07 14:25:06.466  INFO 14576 --- [localhost-startStop-1] o.s.b.w.servlet.FilterRegistrationBean   : Mapping filter: 'httpPutFormContentFilter' to: [/*]
2018-11-07 14:25:06.466  INFO 14576 --- [localhost-startStop-1] o.s.b.w.servlet.FilterRegistrationBean   : Mapping filter: 'requestContextFilter' to: [/*]
2018-11-07 14:25:06.525  INFO 14576 --- [main] c.s.es.service.tool.ESTransportClient    : Build TransportClient is start.
2018-11-07 14:25:06.526  INFO 14576 --- [main] c.s.es.service.tool.ESTransportClient    : EsConfig info =ESConfigBean{clusterNodes='192.168.2.58:9300,192.168.2.58:9301', clusterName='es-star', clientTransportSniff=true, clientIgnoreClusterName=true, clientPingTimeout='60s', clientNodesSamplerInterval='10s'}
2018-11-07 14:25:06.689  INFO 14576 --- [main] o.elasticsearch.plugins.PluginsService   : no modules loaded
2018-11-07 14:25:06.690  INFO 14576 --- [main] o.elasticsearch.plugins.PluginsService   : loaded plugin [org.elasticsearch.index.reindex.ReindexPlugin]
2018-11-07 14:25:06.690  INFO 14576 --- [main] o.elasticsearch.plugins.PluginsService   : loaded plugin [org.elasticsearch.join.ParentJoinPlugin]
2018-11-07 14:25:06.690  INFO 14576 --- [main] o.elasticsearch.plugins.PluginsService   : loaded plugin [org.elasticsearch.percolator.PercolatorPlugin]
2018-11-07 14:25:06.690  INFO 14576 --- [main] o.elasticsearch.plugins.PluginsService   : loaded plugin [org.elasticsearch.script.mustache.MustachePlugin]
2018-11-07 14:25:06.690  INFO 14576 --- [main] o.elasticsearch.plugins.PluginsService   : loaded plugin [org.elasticsearch.transport.Netty4Plugin]
2018-11-07 14:25:07.529  INFO 14576 --- [main] c.s.es.service.tool.ESTransportClient    : adding transport node : 192.168.2.58:9300
2018-11-07 14:25:07.840  INFO 14576 --- [main] c.s.es.service.tool.ESTransportClient    : adding transport node : 192.168.2.58:9301
2018-11-07 14:25:08.075  INFO 14576 --- [main] c.s.es.service.tool.ESTransportClient    : 集群内DiscoveryNode info ={"address":{"address":"192.168.2.58","fragment":true,"port":9301},"attributes":{"ml.machine_memory":"17037361152","ml.max_open_jobs":"20","xpack.installed":"true","ml.enabled":"true"},"dataNode":true,"ephemeralId":"vjltjaDbTbGL2s7GDH6nqg","fragment":true,"hostAddress":"192.168.2.58","hostName":"192.168.2.58","id":"y1rx6l4VSkC1Ylq-7xQB0w","ingestNode":true,"masterNode":true,"name":"node-star-2","roles":["MASTER","DATA","INGEST"],"version":{"alpha":false,"beta":false,"build":99,"fragment":true,"id":6040099,"luceneVersion":{"bugfix":0,"major":7,"minor":4,"prerelease":0},"major":6,"minor":4,"rC":false,"release":true,"revision":0}}
2018-11-07 14:25:08.076  INFO 14576 --- [main] c.s.es.service.tool.ESTransportClient    : 集群内DiscoveryNode info ={"address":{"address":"192.168.2.58","fragment":true,"port":9300},"attributes":{"ml.machine_memory":"17037361152","ml.max_open_jobs":"20","xpack.installed":"true","ml.enabled":"true"},"dataNode":true,"ephemeralId":"K_GIGZtBQmKuc-KZHqfhNw","fragment":true,"hostAddress":"192.168.2.58","hostName":"192.168.2.58","id":"0vLzyqAfSsOAJMkVPnjraw","ingestNode":true,"masterNode":true,"name":"node-star-1","roles":["MASTER","DATA","INGEST"],"version":{"alpha":false,"beta":false,"build":99,"fragment":true,"id":6040099,"luceneVersion":{"bugfix":0,"major":7,"minor":4,"prerelease":0},"major":6,"minor":4,"rC":false,"release":true,"revision":0}}
2018-11-07 14:25:08.133  INFO 14576 --- [main] o.s.w.s.handler.SimpleUrlHandlerMapping  : Mapped URL path [/**/favicon.ico] onto handler of type [class org.springframework.web.servlet.resource.ResourceHttpRequestHandler]
2018-11-07 14:25:08.230  INFO 14576 --- [main] s.w.s.m.m.a.RequestMappingHandlerAdapter : Looking for @ControllerAdvice: org.springframework.boot.web.servlet.context.AnnotationConfigServletWebServerApplicationContext@8dbdac1: startup date [Wed Nov 07 14:25:04 CST 2018]; root of context hierarchy
2018-11-07 14:25:08.277  INFO 14576 --- [main] s.w.s.m.m.a.RequestMappingHandlerMapping : Mapped "{[/aggr/gtgj/queryBySql],methods=[POST]}" onto public java.lang.Object com.star.es.controller.EsAggregationsController.queryBySql(com.alibaba.fastjson.JSONObject)
2018-11-07 14:25:08.278  INFO 14576 --- [main] s.w.s.m.m.a.RequestMappingHandlerMapping : Mapped "{[/aggr/gtgj/queryResultByAggregations],methods=[POST]}" onto public java.lang.Object com.star.es.controller.EsAggregationsController.queryAggregationsBySql(com.alibaba.fastjson.JSONObject)
2018-11-07 14:25:08.278  INFO 14576 --- [main] s.w.s.m.m.a.RequestMappingHandlerMapping : Mapped "{[/aggr/gtgj/queryGroupCount],methods=[POST]}" onto public java.lang.Object com.star.es.controller.EsAggregationsController.queryGroupByCount(com.alibaba.fastjson.JSONObject)
2018-11-07 14:25:08.283  INFO 14576 --- [main] s.w.s.m.m.a.RequestMappingHandlerMapping : Mapped "{[/es/gtgj/deleteIndex],methods=[POST]}" onto public java.lang.Object com.star.es.controller.EsoperateController.deleteIndex(com.alibaba.fastjson.JSONObject)
2018-11-07 14:25:08.283  INFO 14576 --- [main] s.w.s.m.m.a.RequestMappingHandlerMapping : Mapped "{[/es/gtgj/ikCreate],methods=[POST]}" onto public java.lang.Object com.star.es.controller.EsoperateController.ikCreate(com.alibaba.fastjson.JSONObject)
2018-11-07 14:25:08.283  INFO 14576 --- [main] s.w.s.m.m.a.RequestMappingHandlerMapping : Mapped "{[/es/gtgj/queryFuzzyData],methods=[POST]}" onto public java.lang.Object com.star.es.controller.EsoperateController.queryFuzzyData(com.alibaba.fastjson.JSONObject)
2018-11-07 14:25:08.283  INFO 14576 --- [main] s.w.s.m.m.a.RequestMappingHandlerMapping : Mapped "{[/es/gtgj/deleteDataByBulk],methods=[POST]}" onto public java.lang.Object com.star.es.controller.EsoperateController.deleteDataByBulk(com.alibaba.fastjson.JSONObject)
2018-11-07 14:25:08.284  INFO 14576 --- [main] s.w.s.m.m.a.RequestMappingHandlerMapping : Mapped "{[/es/gtgj/addJson],methods=[POST]}" onto public java.lang.Object com.star.es.controller.EsoperateController.addJson(com.alibaba.fastjson.JSONObject)
2018-11-07 14:25:08.284  INFO 14576 --- [main] s.w.s.m.m.a.RequestMappingHandlerMapping : Mapped "{[/es/gtgj/queryListData],methods=[POST]}" onto public java.lang.Object com.star.es.controller.EsoperateController.queryListData(com.alibaba.fastjson.JSONObject)
2018-11-07 14:25:08.284  INFO 14576 --- [main] s.w.s.m.m.a.RequestMappingHandlerMapping : Mapped "{[/es/gtgj/addData],methods=[POST]}" onto public java.lang.Object com.star.es.controller.EsoperateController.addData(com.alibaba.fastjson.JSONObject)
2018-11-07 14:25:08.284  INFO 14576 --- [main] s.w.s.m.m.a.RequestMappingHandlerMapping : Mapped "{[/es/gtgj/addListJson],methods=[POST]}" onto public java.lang.Object com.star.es.controller.EsoperateController.addListJson(com.alibaba.fastjson.JSONObject)
2018-11-07 14:25:08.284  INFO 14576 --- [main] s.w.s.m.m.a.RequestMappingHandlerMapping : Mapped "{[/es/gtgj/deleteDataById],methods=[POST]}" onto public java.lang.Object com.star.es.controller.EsoperateController.deleteDataById(com.alibaba.fastjson.JSONObject)
2018-11-07 14:25:08.285  INFO 14576 --- [main] s.w.s.m.m.a.RequestMappingHandlerMapping : Mapped "{[/es/gtgj/queryData],methods=[POST]}" onto public java.lang.Object com.star.es.controller.EsoperateController.queryData(com.alibaba.fastjson.JSONObject)
2018-11-07 14:25:08.285  INFO 14576 --- [main] s.w.s.m.m.a.RequestMappingHandlerMapping : Mapped "{[/es/gtgj/queryMoreFuzzyData],methods=[POST]}" onto public java.lang.Object com.star.es.controller.EsoperateController.queryMoreFuzzyData(com.alibaba.fastjson.JSONObject)
2018-11-07 14:25:08.285  INFO 14576 --- [main] s.w.s.m.m.a.RequestMappingHandlerMapping : Mapped "{[/es/gtgj/queryAssembleData],methods=[POST]}" onto public java.lang.Object com.star.es.controller.EsoperateController.queryMoreFuzzyTimeData(com.alibaba.fastjson.JSONObject)
2018-11-07 14:25:08.285  INFO 14576 --- [main] s.w.s.m.m.a.RequestMappingHandlerMapping : Mapped "{[/es/gtgj/queryFuzzySortData],methods=[POST]}" onto public java.lang.Object com.star.es.controller.EsoperateController.queryFuzzySortData(com.alibaba.fastjson.JSONObject)
2018-11-07 14:25:08.285  INFO 14576 --- [main] s.w.s.m.m.a.RequestMappingHandlerMapping : Mapped "{[/es/gtgj/queryFuzzySortPageData],methods=[POST]}" onto public java.lang.Object com.star.es.controller.EsoperateController.queryFuzzySortPageData(com.alibaba.fastjson.JSONObject)
2018-11-07 14:25:08.285  INFO 14576 --- [main] s.w.s.m.m.a.RequestMappingHandlerMapping : Mapped "{[/es/gtgj/queryIKAnalyze]}" onto public java.lang.Object com.star.es.controller.EsoperateController.queryIKAnalyzeResult(com.alibaba.fastjson.JSONObject)
2018-11-07 14:25:08.289  INFO 14576 --- [main] s.w.s.m.m.a.RequestMappingHandlerMapping : Mapped "{[/error]}" onto public org.springframework.http.ResponseEntity<java.util.Map<java.lang.String, java.lang.Object>> org.springframework.boot.autoconfigure.web.servlet.error.BasicErrorController.error(javax.servlet.http.HttpServletRequest)
2018-11-07 14:25:08.290  INFO 14576 --- [main] s.w.s.m.m.a.RequestMappingHandlerMapping : Mapped "{[/error],produces=[text/html]}" onto public org.springframework.web.servlet.ModelAndView org.springframework.boot.autoconfigure.web.servlet.error.BasicErrorController.errorHtml(javax.servlet.http.HttpServletRequest,javax.servlet.http.HttpServletResponse)
2018-11-07 14:25:08.309  INFO 14576 --- [main] o.s.w.s.handler.SimpleUrlHandlerMapping  : Mapped URL path [/webjars/**] onto handler of type [class org.springframework.web.servlet.resource.ResourceHttpRequestHandler]
2018-11-07 14:25:08.310  INFO 14576 --- [main] o.s.w.s.handler.SimpleUrlHandlerMapping  : Mapped URL path [/**] onto handler of type [class org.springframework.web.servlet.resource.ResourceHttpRequestHandler]
2018-11-07 14:25:08.321  INFO 14576 --- [main] .m.m.a.ExceptionHandlerExceptionResolver : Detected @ExceptionHandler methods in controllerExceptionAdvice
2018-11-07 14:25:08.548  INFO 14576 --- [main] o.s.j.e.a.AnnotationMBeanExporter        : Registering beans for JMX exposure on startup
2018-11-07 14:25:08.573  INFO 14576 --- [main] o.s.b.w.embedded.tomcat.TomcatWebServer  : Tomcat started on port(s): 8080 (http) with context path ''
2018-11-07 14:25:08.580  INFO 14576 --- [main] com.star.es.EsApplication                : Started EsApplication in 5.01 seconds (JVM running for 5.715)
2018-11-07 14:25:08.582  INFO 14576 --- [main] com.star.es.EsApplication                : -------------------------------------
2018-11-07 14:25:08.583  INFO 14576 --- [main] com.star.es.EsApplication                : 	 GTGJ-ES 微服务启动成功		  
2018-11-07 14:25:08.583  INFO 14576 --- [main] com.star.es.EsApplication                : -------------------------------------
2018-11-07 14:25:11.848  INFO 14576 --- [http-nio-8080-exec-2] o.a.c.c.C.[Tomcat].[localhost].[/]       : Initializing Spring FrameworkServlet 'dispatcherServlet'
2018-11-07 14:25:11.849  INFO 14576 --- [http-nio-8080-exec-2] o.s.web.servlet.DispatcherServlet        : FrameworkServlet 'dispatcherServlet': initialization started
2018-11-07 14:25:11.869  INFO 14576 --- [http-nio-8080-exec-2] o.s.web.servlet.DispatcherServlet        : FrameworkServlet 'dispatcherServlet': initialization completed in 20 ms
2018-11-07 14:25:11.915  INFO 14576 --- [http-nio-8080-exec-2] c.s.es.msgconverter.EsMessageConverter   : ----------------[入参报文]------------------
2018-11-07 14:25:11.916  INFO 14576 --- [http-nio-8080-exec-2] c.s.es.msgconverter.EsMessageConverter   : {"indexType":"s","indexName":"star","value":{"password":"1234dsfsdfssd","city":"武汉","phone":"17688897927","name":"高星","time":"2015-01-01 12:10:30","desc":"明明可以靠脸吃饭，却要靠实力"}}
2018-11-07 14:25:11.978 ERROR 14576 --- [http-nio-8080-exec-2] c.s.es.advice.ControllerExceptionAdvice  : 系统异常,异常信息=请求参数有误,请检查后重试！

java.lang.IllegalArgumentException: 请求参数有误,请检查后重试！
	at com.star.es.controller.EsoperateController.validateAddDataInputDTO(EsoperateController.java:363) ~[classes/:na]
	at com.star.es.controller.EsoperateController.addData(EsoperateController.java:72) ~[classes/:na]
	at sun.reflect.NativeMethodAccessorImpl.invoke0(Native Method) ~[na:1.8.0_162]
	at sun.reflect.NativeMethodAccessorImpl.invoke(NativeMethodAccessorImpl.java:62) ~[na:1.8.0_162]
	at sun.reflect.DelegatingMethodAccessorImpl.invoke(DelegatingMethodAccessorImpl.java:43) ~[na:1.8.0_162]
	at java.lang.reflect.Method.invoke(Method.java:498) ~[na:1.8.0_162]
	at org.springframework.web.method.support.InvocableHandlerMethod.doInvoke(InvocableHandlerMethod.java:209) ~[spring-web-5.0.8.RELEASE.jar:5.0.8.RELEASE]
	at org.springframework.web.method.support.InvocableHandlerMethod.invokeForRequest(InvocableHandlerMethod.java:136) ~[spring-web-5.0.8.RELEASE.jar:5.0.8.RELEASE]
	at org.springframework.web.servlet.mvc.method.annotation.ServletInvocableHandlerMethod.invokeAndHandle(ServletInvocableHandlerMethod.java:102) ~[spring-webmvc-5.0.8.RELEASE.jar:5.0.8.RELEASE]
	at org.springframework.web.servlet.mvc.method.annotation.RequestMappingHandlerAdapter.invokeHandlerMethod(RequestMappingHandlerAdapter.java:877) ~[spring-webmvc-5.0.8.RELEASE.jar:5.0.8.RELEASE]
	at org.springframework.web.servlet.mvc.method.annotation.RequestMappingHandlerAdapter.handleInternal(RequestMappingHandlerAdapter.java:783) ~[spring-webmvc-5.0.8.RELEASE.jar:5.0.8.RELEASE]
	at org.springframework.web.servlet.mvc.method.AbstractHandlerMethodAdapter.handle(AbstractHandlerMethodAdapter.java:87) ~[spring-webmvc-5.0.8.RELEASE.jar:5.0.8.RELEASE]
	at org.springframework.web.servlet.DispatcherServlet.doDispatch(DispatcherServlet.java:991) ~[spring-webmvc-5.0.8.RELEASE.jar:5.0.8.RELEASE]
	at org.springframework.web.servlet.DispatcherServlet.doService(DispatcherServlet.java:925) ~[spring-webmvc-5.0.8.RELEASE.jar:5.0.8.RELEASE]
	at org.springframework.web.servlet.FrameworkServlet.processRequest(FrameworkServlet.java:974) [spring-webmvc-5.0.8.RELEASE.jar:5.0.8.RELEASE]
	at org.springframework.web.servlet.FrameworkServlet.doPost(FrameworkServlet.java:877) [spring-webmvc-5.0.8.RELEASE.jar:5.0.8.RELEASE]
	at javax.servlet.http.HttpServlet.service(HttpServlet.java:661) [tomcat-embed-core-8.5.32.jar:8.5.32]
	at org.springframework.web.servlet.FrameworkServlet.service(FrameworkServlet.java:851) [spring-webmvc-5.0.8.RELEASE.jar:5.0.8.RELEASE]
	at javax.servlet.http.HttpServlet.service(HttpServlet.java:742) [tomcat-embed-core-8.5.32.jar:8.5.32]
	at org.apache.catalina.core.ApplicationFilterChain.internalDoFilter(ApplicationFilterChain.java:231) [tomcat-embed-core-8.5.32.jar:8.5.32]
	at org.apache.catalina.core.ApplicationFilterChain.doFilter(ApplicationFilterChain.java:166) [tomcat-embed-core-8.5.32.jar:8.5.32]
	at org.apache.tomcat.websocket.server.WsFilter.doFilter(WsFilter.java:52) [tomcat-embed-websocket-8.5.32.jar:8.5.32]
	at org.apache.catalina.core.ApplicationFilterChain.internalDoFilter(ApplicationFilterChain.java:193) [tomcat-embed-core-8.5.32.jar:8.5.32]
	at org.apache.catalina.core.ApplicationFilterChain.doFilter(ApplicationFilterChain.java:166) [tomcat-embed-core-8.5.32.jar:8.5.32]
	at org.springframework.web.filter.RequestContextFilter.doFilterInternal(RequestContextFilter.java:99) [spring-web-5.0.8.RELEASE.jar:5.0.8.RELEASE]
	at org.springframework.web.filter.OncePerRequestFilter.doFilter(OncePerRequestFilter.java:107) [spring-web-5.0.8.RELEASE.jar:5.0.8.RELEASE]
	at org.apache.catalina.core.ApplicationFilterChain.internalDoFilter(ApplicationFilterChain.java:193) [tomcat-embed-core-8.5.32.jar:8.5.32]
	at org.apache.catalina.core.ApplicationFilterChain.doFilter(ApplicationFilterChain.java:166) [tomcat-embed-core-8.5.32.jar:8.5.32]
	at org.springframework.web.filter.HttpPutFormContentFilter.doFilterInternal(HttpPutFormContentFilter.java:109) [spring-web-5.0.8.RELEASE.jar:5.0.8.RELEASE]
	at org.springframework.web.filter.OncePerRequestFilter.doFilter(OncePerRequestFilter.java:107) [spring-web-5.0.8.RELEASE.jar:5.0.8.RELEASE]
	at org.apache.catalina.core.ApplicationFilterChain.internalDoFilter(ApplicationFilterChain.java:193) [tomcat-embed-core-8.5.32.jar:8.5.32]
	at org.apache.catalina.core.ApplicationFilterChain.doFilter(ApplicationFilterChain.java:166) [tomcat-embed-core-8.5.32.jar:8.5.32]
	at org.springframework.web.filter.HiddenHttpMethodFilter.doFilterInternal(HiddenHttpMethodFilter.java:93) [spring-web-5.0.8.RELEASE.jar:5.0.8.RELEASE]
	at org.springframework.web.filter.OncePerRequestFilter.doFilter(OncePerRequestFilter.java:107) [spring-web-5.0.8.RELEASE.jar:5.0.8.RELEASE]
	at org.apache.catalina.core.ApplicationFilterChain.internalDoFilter(ApplicationFilterChain.java:193) [tomcat-embed-core-8.5.32.jar:8.5.32]
	at org.apache.catalina.core.ApplicationFilterChain.doFilter(ApplicationFilterChain.java:166) [tomcat-embed-core-8.5.32.jar:8.5.32]
	at org.springframework.web.filter.CharacterEncodingFilter.doFilterInternal(CharacterEncodingFilter.java:200) [spring-web-5.0.8.RELEASE.jar:5.0.8.RELEASE]
	at org.springframework.web.filter.OncePerRequestFilter.doFilter(OncePerRequestFilter.java:107) [spring-web-5.0.8.RELEASE.jar:5.0.8.RELEASE]
	at org.apache.catalina.core.ApplicationFilterChain.internalDoFilter(ApplicationFilterChain.java:193) [tomcat-embed-core-8.5.32.jar:8.5.32]
	at org.apache.catalina.core.ApplicationFilterChain.doFilter(ApplicationFilterChain.java:166) [tomcat-embed-core-8.5.32.jar:8.5.32]
	at org.apache.catalina.core.StandardWrapperValve.invoke(StandardWrapperValve.java:198) [tomcat-embed-core-8.5.32.jar:8.5.32]
	at org.apache.catalina.core.StandardContextValve.invoke(StandardContextValve.java:96) [tomcat-embed-core-8.5.32.jar:8.5.32]
	at org.apache.catalina.authenticator.AuthenticatorBase.invoke(AuthenticatorBase.java:493) [tomcat-embed-core-8.5.32.jar:8.5.32]
	at org.apache.catalina.core.StandardHostValve.invoke(StandardHostValve.java:140) [tomcat-embed-core-8.5.32.jar:8.5.32]
	at org.apache.catalina.valves.ErrorReportValve.invoke(ErrorReportValve.java:81) [tomcat-embed-core-8.5.32.jar:8.5.32]
	at org.apache.catalina.core.StandardEngineValve.invoke(StandardEngineValve.java:87) [tomcat-embed-core-8.5.32.jar:8.5.32]
	at org.apache.catalina.connector.CoyoteAdapter.service(CoyoteAdapter.java:342) [tomcat-embed-core-8.5.32.jar:8.5.32]
	at org.apache.coyote.http11.Http11Processor.service(Http11Processor.java:800) [tomcat-embed-core-8.5.32.jar:8.5.32]
	at org.apache.coyote.AbstractProcessorLight.process(AbstractProcessorLight.java:66) [tomcat-embed-core-8.5.32.jar:8.5.32]
	at org.apache.coyote.AbstractProtocol$ConnectionHandler.process(AbstractProtocol.java:800) [tomcat-embed-core-8.5.32.jar:8.5.32]
	at org.apache.tomcat.util.net.NioEndpoint$SocketProcessor.doRun(NioEndpoint.java:1471) [tomcat-embed-core-8.5.32.jar:8.5.32]
	at org.apache.tomcat.util.net.SocketProcessorBase.run(SocketProcessorBase.java:49) [tomcat-embed-core-8.5.32.jar:8.5.32]
	at java.util.concurrent.ThreadPoolExecutor.runWorker(ThreadPoolExecutor.java:1149) [na:1.8.0_162]
	at java.util.concurrent.ThreadPoolExecutor$Worker.run(ThreadPoolExecutor.java:624) [na:1.8.0_162]
	at org.apache.tomcat.util.threads.TaskThread$WrappingRunnable.run(TaskThread.java:61) [tomcat-embed-core-8.5.32.jar:8.5.32]
	at java.lang.Thread.run(Thread.java:748) [na:1.8.0_162]

2018-11-07 14:25:12.000  INFO 14576 --- [http-nio-8080-exec-2] c.s.es.msgconverter.EsMessageConverter   : ----------------[出参报文]------------------
2018-11-07 14:25:12.000  INFO 14576 --- [http-nio-8080-exec-2] c.s.es.msgconverter.EsMessageConverter   : {"msg":"请求参数有误,请检查后重试！","timeStamp":"1541571911974","code":"UE1111"}
2018-11-07 14:25:21.924  INFO 14576 --- [http-nio-8080-exec-3] c.s.es.msgconverter.EsMessageConverter   : ----------------[入参报文]------------------
2018-11-07 14:25:21.924  INFO 14576 --- [http-nio-8080-exec-3] c.s.es.msgconverter.EsMessageConverter   : {"indexType":"s","index":"star","value":{"password":"1234dsfsdfssd","city":"武汉","phone":"17688897927","name":"高星","time":"2015-01-01 12:10:30","desc":"明明可以靠脸吃饭，却要靠实力"}}
2018-11-07 14:25:26.544  INFO 14576 --- [http-nio-8080-exec-3] c.s.es.msgconverter.EsMessageConverter   : ----------------[出参报文]------------------
2018-11-07 14:25:26.544  INFO 14576 --- [http-nio-8080-exec-3] c.s.es.msgconverter.EsMessageConverter   : {"msg":"添加单条数据成功","timeStamp":"1541571926541","code":"success"}
2018-11-07 14:26:13.457  INFO 14576 --- [http-nio-8080-exec-5] c.s.es.msgconverter.EsMessageConverter   : ----------------[入参报文]------------------
2018-11-07 14:26:13.458  INFO 14576 --- [http-nio-8080-exec-5] c.s.es.msgconverter.EsMessageConverter   : {"indexType":"s","index":"star","value":{"name":"高星","time":"11111"}}
2018-11-07 14:26:14.157  INFO 14576 --- [http-nio-8080-exec-5] c.s.es.msgconverter.EsMessageConverter   : ----------------[出参报文]------------------
2018-11-07 14:26:14.157  INFO 14576 --- [http-nio-8080-exec-5] c.s.es.msgconverter.EsMessageConverter   : {"msg":"添加单条数据成功","timeStamp":"1541571974156","code":"success"}
2018-11-07 14:26:23.387  INFO 14576 --- [http-nio-8080-exec-6] c.s.es.msgconverter.EsMessageConverter   : ----------------[入参报文]------------------
2018-11-07 14:26:23.387  INFO 14576 --- [http-nio-8080-exec-6] c.s.es.msgconverter.EsMessageConverter   : {"indexType":"s","index":"star","value":{"name":"高星","time":"11111"}}
2018-11-07 14:26:23.919  INFO 14576 --- [http-nio-8080-exec-6] c.s.es.msgconverter.EsMessageConverter   : ----------------[出参报文]------------------
2018-11-07 14:26:23.919  INFO 14576 --- [http-nio-8080-exec-6] c.s.es.msgconverter.EsMessageConverter   : {"msg":"添加单条数据成功","timeStamp":"1541571983919","code":"success"}
2018-11-07 14:26:26.893  INFO 14576 --- [http-nio-8080-exec-7] c.s.es.msgconverter.EsMessageConverter   : ----------------[入参报文]------------------
2018-11-07 14:26:26.894  INFO 14576 --- [http-nio-8080-exec-7] c.s.es.msgconverter.EsMessageConverter   : {"indexType":"s","index":"star","value":{"name":"高星","time":"11111"}}
2018-11-07 14:26:27.360  INFO 14576 --- [http-nio-8080-exec-7] c.s.es.msgconverter.EsMessageConverter   : ----------------[出参报文]------------------
2018-11-07 14:26:27.360  INFO 14576 --- [http-nio-8080-exec-7] c.s.es.msgconverter.EsMessageConverter   : {"msg":"添加单条数据成功","timeStamp":"1541571987359","code":"success"}
2018-11-07 14:26:30.498  INFO 14576 --- [http-nio-8080-exec-8] c.s.es.msgconverter.EsMessageConverter   : ----------------[入参报文]------------------
2018-11-07 14:26:30.498  INFO 14576 --- [http-nio-8080-exec-8] c.s.es.msgconverter.EsMessageConverter   : {"indexType":"s","index":"star","value":{"name":"高星","time":"11111"}}
2018-11-07 14:26:30.955  INFO 14576 --- [http-nio-8080-exec-8] c.s.es.msgconverter.EsMessageConverter   : ----------------[出参报文]------------------
2018-11-07 14:26:30.955  INFO 14576 --- [http-nio-8080-exec-8] c.s.es.msgconverter.EsMessageConverter   : {"msg":"添加单条数据成功","timeStamp":"1541571990954","code":"success"}
2018-11-07 14:26:34.121  INFO 14576 --- [http-nio-8080-exec-9] c.s.es.msgconverter.EsMessageConverter   : ----------------[入参报文]------------------
2018-11-07 14:26:34.122  INFO 14576 --- [http-nio-8080-exec-9] c.s.es.msgconverter.EsMessageConverter   : {"indexType":"s","index":"star","value":{"name":"高星","time":"11111"}}
2018-11-07 14:26:34.505  INFO 14576 --- [http-nio-8080-exec-9] c.s.es.msgconverter.EsMessageConverter   : ----------------[出参报文]------------------
2018-11-07 14:26:34.505  INFO 14576 --- [http-nio-8080-exec-9] c.s.es.msgconverter.EsMessageConverter   : {"msg":"添加单条数据成功","timeStamp":"1541571994505","code":"success"}
2018-11-07 14:27:38.474  INFO 7612 --- [main] com.star.es.EsApplicationTests           : Starting EsApplicationTests on DESKTOP-2H2VV7N with PID 7612 (started by Gobi in D:\IM\es)
2018-11-07 14:27:38.476 DEBUG 7612 --- [main] com.star.es.EsApplicationTests           : Running with Spring Boot v2.0.4.RELEASE, Spring v5.0.8.RELEASE
2018-11-07 14:27:38.477  INFO 7612 --- [main] com.star.es.EsApplicationTests           : No active profile set, falling back to default profiles: default
2018-11-07 14:27:38.510  INFO 7612 --- [main] o.s.w.c.s.GenericWebApplicationContext   : Refreshing org.springframework.web.context.support.GenericWebApplicationContext@19976a65: startup date [Wed Nov 07 14:27:38 CST 2018]; root of context hierarchy
2018-11-07 14:27:39.547  INFO 7612 --- [main] c.s.es.service.tool.ESTransportClient    : Build TransportClient is start.
2018-11-07 14:27:39.547  INFO 7612 --- [main] c.s.es.service.tool.ESTransportClient    : EsConfig info =ESConfigBean{clusterNodes='10.0.1.225:9300,10.0.1.225:9301', clusterName='es-gtgj', clientTransportSniff=true, clientIgnoreClusterName=true, clientPingTimeout='60s', clientNodesSamplerInterval='10s'}
2018-11-07 14:27:39.780  INFO 7612 --- [main] o.elasticsearch.plugins.PluginsService   : no modules loaded
2018-11-07 14:27:39.782  INFO 7612 --- [main] o.elasticsearch.plugins.PluginsService   : loaded plugin [org.elasticsearch.index.reindex.ReindexPlugin]
2018-11-07 14:27:39.783  INFO 7612 --- [main] o.elasticsearch.plugins.PluginsService   : loaded plugin [org.elasticsearch.join.ParentJoinPlugin]
2018-11-07 14:27:39.783  INFO 7612 --- [main] o.elasticsearch.plugins.PluginsService   : loaded plugin [org.elasticsearch.percolator.PercolatorPlugin]
2018-11-07 14:27:39.783  INFO 7612 --- [main] o.elasticsearch.plugins.PluginsService   : loaded plugin [org.elasticsearch.script.mustache.MustachePlugin]
2018-11-07 14:27:39.783  INFO 7612 --- [main] o.elasticsearch.plugins.PluginsService   : loaded plugin [org.elasticsearch.transport.Netty4Plugin]
2018-11-07 14:27:41.094  INFO 7612 --- [main] c.s.es.service.tool.ESTransportClient    : adding transport node : 10.0.1.225:9300
2018-11-07 14:28:02.330  INFO 7612 --- [main] c.s.es.service.tool.ESTransportClient    : adding transport node : 10.0.1.225:9301
2018-11-07 14:28:44.654  INFO 7612 --- [main] o.s.w.s.handler.SimpleUrlHandlerMapping  : Mapped URL path [/**/favicon.ico] onto handler of type [class org.springframework.web.servlet.resource.ResourceHttpRequestHandler]
2018-11-07 14:28:44.963  INFO 7612 --- [main] s.w.s.m.m.a.RequestMappingHandlerAdapter : Looking for @ControllerAdvice: org.springframework.web.context.support.GenericWebApplicationContext@19976a65: startup date [Wed Nov 07 14:27:38 CST 2018]; root of context hierarchy
2018-11-07 14:28:45.020  INFO 7612 --- [main] s.w.s.m.m.a.RequestMappingHandlerMapping : Mapped "{[/aggr/gtgj/queryBySql],methods=[POST]}" onto public java.lang.Object com.star.es.controller.EsAggregationsController.queryBySql(com.alibaba.fastjson.JSONObject)
2018-11-07 14:28:45.023  INFO 7612 --- [main] s.w.s.m.m.a.RequestMappingHandlerMapping : Mapped "{[/aggr/gtgj/queryResultByAggregations],methods=[POST]}" onto public java.lang.Object com.star.es.controller.EsAggregationsController.queryAggregationsBySql(com.alibaba.fastjson.JSONObject)
2018-11-07 14:28:45.023  INFO 7612 --- [main] s.w.s.m.m.a.RequestMappingHandlerMapping : Mapped "{[/aggr/gtgj/queryGroupCount],methods=[POST]}" onto public java.lang.Object com.star.es.controller.EsAggregationsController.queryGroupByCount(com.alibaba.fastjson.JSONObject)
2018-11-07 14:28:45.030  INFO 7612 --- [main] s.w.s.m.m.a.RequestMappingHandlerMapping : Mapped "{[/es/gtgj/addListJson],methods=[POST]}" onto public java.lang.Object com.star.es.controller.EsoperateController.addListJson(com.alibaba.fastjson.JSONObject)
2018-11-07 14:28:45.030  INFO 7612 --- [main] s.w.s.m.m.a.RequestMappingHandlerMapping : Mapped "{[/es/gtgj/addJson],methods=[POST]}" onto public java.lang.Object com.star.es.controller.EsoperateController.addJson(com.alibaba.fastjson.JSONObject)
2018-11-07 14:28:45.031  INFO 7612 --- [main] s.w.s.m.m.a.RequestMappingHandlerMapping : Mapped "{[/es/gtgj/deleteIndex],methods=[POST]}" onto public java.lang.Object com.star.es.controller.EsoperateController.deleteIndex(com.alibaba.fastjson.JSONObject)
2018-11-07 14:28:45.031  INFO 7612 --- [main] s.w.s.m.m.a.RequestMappingHandlerMapping : Mapped "{[/es/gtgj/queryData],methods=[POST]}" onto public java.lang.Object com.star.es.controller.EsoperateController.queryData(com.alibaba.fastjson.JSONObject)
2018-11-07 14:28:45.031  INFO 7612 --- [main] s.w.s.m.m.a.RequestMappingHandlerMapping : Mapped "{[/es/gtgj/queryFuzzyData],methods=[POST]}" onto public java.lang.Object com.star.es.controller.EsoperateController.queryFuzzyData(com.alibaba.fastjson.JSONObject)
2018-11-07 14:28:45.031  INFO 7612 --- [main] s.w.s.m.m.a.RequestMappingHandlerMapping : Mapped "{[/es/gtgj/ikCreate],methods=[POST]}" onto public java.lang.Object com.star.es.controller.EsoperateController.ikCreate(com.alibaba.fastjson.JSONObject)
2018-11-07 14:28:45.031  INFO 7612 --- [main] s.w.s.m.m.a.RequestMappingHandlerMapping : Mapped "{[/es/gtgj/deleteDataById],methods=[POST]}" onto public java.lang.Object com.star.es.controller.EsoperateController.deleteDataById(com.alibaba.fastjson.JSONObject)
2018-11-07 14:28:45.032  INFO 7612 --- [main] s.w.s.m.m.a.RequestMappingHandlerMapping : Mapped "{[/es/gtgj/deleteDataByBulk],methods=[POST]}" onto public java.lang.Object com.star.es.controller.EsoperateController.deleteDataByBulk(com.alibaba.fastjson.JSONObject)
2018-11-07 14:28:45.033  INFO 7612 --- [main] s.w.s.m.m.a.RequestMappingHandlerMapping : Mapped "{[/es/gtgj/queryListData],methods=[POST]}" onto public java.lang.Object com.star.es.controller.EsoperateController.queryListData(com.alibaba.fastjson.JSONObject)
2018-11-07 14:28:45.034  INFO 7612 --- [main] s.w.s.m.m.a.RequestMappingHandlerMapping : Mapped "{[/es/gtgj/addData],methods=[POST]}" onto public java.lang.Object com.star.es.controller.EsoperateController.addData(com.alibaba.fastjson.JSONObject)
2018-11-07 14:28:45.034  INFO 7612 --- [main] s.w.s.m.m.a.RequestMappingHandlerMapping : Mapped "{[/es/gtgj/queryFuzzySortPageData],methods=[POST]}" onto public java.lang.Object com.star.es.controller.EsoperateController.queryFuzzySortPageData(com.alibaba.fastjson.JSONObject)
2018-11-07 14:28:45.035  INFO 7612 --- [main] s.w.s.m.m.a.RequestMappingHandlerMapping : Mapped "{[/es/gtgj/queryIKAnalyze]}" onto public java.lang.Object com.star.es.controller.EsoperateController.queryIKAnalyzeResult(com.alibaba.fastjson.JSONObject)
2018-11-07 14:28:45.035  INFO 7612 --- [main] s.w.s.m.m.a.RequestMappingHandlerMapping : Mapped "{[/es/gtgj/queryAssembleData],methods=[POST]}" onto public java.lang.Object com.star.es.controller.EsoperateController.queryMoreFuzzyTimeData(com.alibaba.fastjson.JSONObject)
2018-11-07 14:28:45.035  INFO 7612 --- [main] s.w.s.m.m.a.RequestMappingHandlerMapping : Mapped "{[/es/gtgj/queryMoreFuzzyData],methods=[POST]}" onto public java.lang.Object com.star.es.controller.EsoperateController.queryMoreFuzzyData(com.alibaba.fastjson.JSONObject)
2018-11-07 14:28:45.036  INFO 7612 --- [main] s.w.s.m.m.a.RequestMappingHandlerMapping : Mapped "{[/es/gtgj/queryFuzzySortData],methods=[POST]}" onto public java.lang.Object com.star.es.controller.EsoperateController.queryFuzzySortData(com.alibaba.fastjson.JSONObject)
2018-11-07 14:28:45.041  INFO 7612 --- [main] s.w.s.m.m.a.RequestMappingHandlerMapping : Mapped "{[/error]}" onto public org.springframework.http.ResponseEntity<java.util.Map<java.lang.String, java.lang.Object>> org.springframework.boot.autoconfigure.web.servlet.error.BasicErrorController.error(javax.servlet.http.HttpServletRequest)
2018-11-07 14:28:45.042  INFO 7612 --- [main] s.w.s.m.m.a.RequestMappingHandlerMapping : Mapped "{[/error],produces=[text/html]}" onto public org.springframework.web.servlet.ModelAndView org.springframework.boot.autoconfigure.web.servlet.error.BasicErrorController.errorHtml(javax.servlet.http.HttpServletRequest,javax.servlet.http.HttpServletResponse)
2018-11-07 14:28:45.062  INFO 7612 --- [main] o.s.w.s.handler.SimpleUrlHandlerMapping  : Mapped URL path [/webjars/**] onto handler of type [class org.springframework.web.servlet.resource.ResourceHttpRequestHandler]
2018-11-07 14:28:45.063  INFO 7612 --- [main] o.s.w.s.handler.SimpleUrlHandlerMapping  : Mapped URL path [/**] onto handler of type [class org.springframework.web.servlet.resource.ResourceHttpRequestHandler]
2018-11-07 14:28:45.077  INFO 7612 --- [main] .m.m.a.ExceptionHandlerExceptionResolver : Detected @ExceptionHandler methods in controllerExceptionAdvice
2018-11-07 14:28:45.299  INFO 7612 --- [main] com.star.es.EsApplicationTests           : Started EsApplicationTests in 67.159 seconds (JVM running for 68.584)
2018-11-07 14:28:45.450  INFO 7612 --- [Thread-2] o.s.w.c.s.GenericWebApplicationContext   : Closing org.springframework.web.context.support.GenericWebApplicationContext@19976a65: startup date [Wed Nov 07 14:27:38 CST 2018]; root of context hierarchy
2018-11-07 14:28:45.454  INFO 7612 --- [Thread-2] c.s.es.service.tool.ESTransportClient    : Closing elasticSearch  client
